<?xml version="1.0" encoding="UTF-8"?>
<!-- Generated by org.testng.reporters.JUnitReportReporter -->
<testsuite hostname="LAPTOP-V1ADODCJ" failures="0" tests="2" name="com.testng.test1" time="95.895" errors="0" timestamp="2023-02-08T23:38:45 IST" skipped="0">
  <testcase classname="com.testng.test1" name="testfb" time="77.384"/>
  <system-out/>
  <testcase classname="com.testng.test1" name="testgoogle" time="18.511"/>
  <system-out/>
</testsuite> <!-- com.testng.test1 -->
